<?xml version="1.0" encoding="UTF-8"?>
<!-- Generated by org.testng.reporters.JUnitReportReporter -->
<testsuite hostname="PKCHAUBEY" failures="0" tests="4" name="rahulshettyacademy.tests.submitordertest" time="88.481" errors="0" timestamp="2024-12-22T01:45:47 IST" skipped="0">
  <testcase classname="rahulshettyacademy.tests.submitordertest" name="orderHistoryTest" time="17.232"/>
  <testcase classname="rahulshettyacademy.tests.submitordertest" name="orderHistoryTest" time="10.456"/>
  <testcase classname="rahulshettyacademy.tests.submitordertest" name="submitOrder" time="43.068"/>
  <testcase classname="rahulshettyacademy.tests.submitordertest" name="submitOrder" time="17.725"/>
</testsuite> <!-- rahulshettyacademy.tests.submitordertest -->
