<?xml version="1.0" encoding="UTF-8"?>
<!-- Generated by org.testng.reporters.JUnitReportReporter -->
<testsuite hostname="PKCHAUBEY" failures="0" tests="1" name="cucumber.TestNGTestRunner" time="35.497" errors="0" timestamp="2025-02-17T02:37:28 IST" skipped="0">
  <testcase classname="cucumber.TestNGTestRunner" name="runScenario" time="35.497"/>
</testsuite> <!-- cucumber.TestNGTestRunner -->
