<?xml version="1.0" encoding="UTF-8"?>
<!-- Generated by org.testng.reporters.JUnitReportReporter -->
<testsuite hostname="PKCHAUBEY" failures="0" tests="4" name="rahulshettyacademy.tests.submitordertest" time="57.152" errors="0" timestamp="2024-12-29T00:28:43 IST" skipped="0">
  <testcase classname="rahulshettyacademy.tests.submitordertest" name="orderHistoryTest" time="13.607"/>
  <testcase classname="rahulshettyacademy.tests.submitordertest" name="orderHistoryTest" time="12.419"/>
  <testcase classname="rahulshettyacademy.tests.submitordertest" name="submitOrder" time="17.538"/>
  <testcase classname="rahulshettyacademy.tests.submitordertest" name="submitOrder" time="13.588"/>
</testsuite> <!-- rahulshettyacademy.tests.submitordertest -->
