<?xml version="1.0" encoding="UTF-8"?>
<!-- Generated by org.testng.reporters.JUnitReportReporter -->
<testsuite hostname="PKCHAUBEY" failures="0" tests="1" name="cucumber.TestNGTestRunner" time="29.165" errors="0" timestamp="2025-02-17T02:59:26 IST" skipped="0">
  <testcase classname="cucumber.TestNGTestRunner" name="runScenario" time="29.165"/>
</testsuite> <!-- cucumber.TestNGTestRunner -->
